app/build/outputs/logs/manifest-merger-debug-report.txt
-- Merging decision tree log ---
manifest
ADDED from src\main\AndroidManifest.xml:2:1-34:12
	package
		ADDED from src\main\AndroidManifest.xml:3:7-46
		INJECTED from src\main\AndroidManifest.xml
		INJECTED from src\main\AndroidManifest.xml
	android:versionName
		ADDED from src\main\AndroidManifest.xml:5:7-32
		INJECTED from src\main\AndroidManifest.xml
		INJECTED from src\main\AndroidManifest.xml
	android:versionCode
		ADDED from src\main\AndroidManifest.xml:4:7-30
		INJECTED from src\main\AndroidManifest.xml
		INJECTED from src\main\AndroidManifest.xml
	xmlns:android
		ADDED from src\main\AndroidManifest.xml:2:11-69
application
ADDED from src\main\AndroidManifest.xml:6:5-32:19
	android:label
		ADDED from src\main\AndroidManifest.xml:6:48-80
	android:icon
		ADDED from src\main\AndroidManifest.xml:6:18-47
activity#com.pyo.android.simple.widget.AndroidSimpleWidget
ADDED from src\main\AndroidManifest.xml:7:9-13:20
	android:label
		ADDED from src\main\AndroidManifest.xml:8:19-51
	android:name
		ADDED from src\main\AndroidManifest.xml:7:19-54
intent-filter#android.intent.action.MAIN+android.intent.category.LAUNCHER
ADDED from src\main\AndroidManifest.xml:9:13-12:29
action#android.intent.action.MAIN
ADDED from src\main\AndroidManifest.xml:10:17-69
	android:name
		ADDED from src\main\AndroidManifest.xml:10:25-66
category#android.intent.category.LAUNCHER
ADDED from src\main\AndroidManifest.xml:11:17-77
	android:name
		ADDED from src\main\AndroidManifest.xml:11:27-74
activity#com.pyo.android.simple.widget.ButtonKindActivity
ADDED from src\main\AndroidManifest.xml:14:9-58
	android:name
		ADDED from src\main\AndroidManifest.xml:14:22-55
activity#com.pyo.android.simple.widget.DateTimePicker
ADDED from src\main\AndroidManifest.xml:15:6-50
	android:name
		ADDED from src\main\AndroidManifest.xml:15:18-47
activity#com.pyo.android.simple.widget.GestureTouchEventActivity
ADDED from src\main\AndroidManifest.xml:16:6-61
	android:name
		ADDED from src\main\AndroidManifest.xml:16:18-58
activity#com.pyo.android.simple.widget.WidgetFormDisplay
ADDED from src\main\AndroidManifest.xml:17:9-57
	android:name
		ADDED from src\main\AndroidManifest.xml:17:22-54
activity#com.pyo.android.simple.widget.TextInputActivity
ADDED from src\main\AndroidManifest.xml:18:9-57
	android:name
		ADDED from src\main\AndroidManifest.xml:18:22-54
activity#com.pyo.android.simple.widget.TextViewDisplay
ADDED from src\main\AndroidManifest.xml:19:9-55
	android:name
		ADDED from src\main\AndroidManifest.xml:19:22-52
activity#com.pyo.android.simple.widget.KeyPadControlActivity
ADDED from src\main\AndroidManifest.xml:20:9-61
	android:name
		ADDED from src\main\AndroidManifest.xml:20:22-58
activity#com.pyo.android.simple.widget.KeyPadInputTypeActivity
ADDED from src\main\AndroidManifest.xml:21:9-63
	android:name
		ADDED from src\main\AndroidManifest.xml:21:22-60
activity#com.pyo.android.simple.widget.AutoCompleteTextViewActivity
ADDED from src\main\AndroidManifest.xml:22:9-68
	android:name
		ADDED from src\main\AndroidManifest.xml:22:22-65
activity#com.pyo.android.simple.widget.ImageViewActivity
ADDED from src\main\AndroidManifest.xml:23:9-57
	android:name
		ADDED from src\main\AndroidManifest.xml:23:22-54
activity#com.pyo.android.simple.widget.AndroidEventListActivity
ADDED from src\main\AndroidManifest.xml:24:9-65
	android:name
		ADDED from src\main\AndroidManifest.xml:24:22-61
activity#com.pyo.android.simple.widget.SimpleViewCallBackEventActivity
ADDED from src\main\AndroidManifest.xml:25:9-27:55
	android:label
		ADDED from src\main\AndroidManifest.xml:27:25-52
	android:theme
		ADDED from src\main\AndroidManifest.xml:26:25-68
	android:name
		ADDED from src\main\AndroidManifest.xml:25:22-68
activity#com.pyo.android.simple.widget.ActivityCallbackEventActivity
ADDED from src\main\AndroidManifest.xml:28:9-30:57
	android:label
		ADDED from src\main\AndroidManifest.xml:30:24-54
	android:theme
		ADDED from src\main\AndroidManifest.xml:29:24-67
	android:name
		ADDED from src\main\AndroidManifest.xml:28:21-65
activity#com.pyo.android.simple.widget.EventPriorityActivity
ADDED from src\main\AndroidManifest.xml:31:9-60
	android:name
		ADDED from src\main\AndroidManifest.xml:31:20-56
uses-permission#android.permission.READ_CONTACTS
ADDED from src\main\AndroidManifest.xml:33:5-72
	android:name
		ADDED from src\main\AndroidManifest.xml:33:22-69